<?xml version="1.0" encoding="UTF-8"?>
<!-- Generated by org.testng.reporters.JUnitXMLReporter -->
<testsuite ignored="0" hostname="Jais-MacBook-Pro.local" failures="1" tests="7" name="Surefire test" time="8.502" errors="0" timestamp="2025-10-10T11:56:31 CEST">
  <testcase classname="tests.JsplaceholderTest" name="@BeforeMethod launchApp" time="0.005">
    <failure type="org.openqa.selenium.NoSuchSessionException" message="Session ID is null. Using WebDriver after calling quit()?
Build info: version: &amp;apos;4.21.0&amp;apos;, revision: &amp;apos;79ed462ef4&amp;apos;
System info: os.name: &amp;apos;Mac OS X&amp;apos;, os.arch: &amp;apos;aarch64&amp;apos;, os.version: &amp;apos;26.0.1&amp;apos;, java.version: &amp;apos;25&amp;apos;
Driver info: org.openqa.selenium.chrome.ChromeDriver
Command: [null, get {url=https://jsonplaceholder.typicode.com/comments}]
Capabilities {acceptInsecureCerts: false, browserName: chrome, browserVersion: 141.0.7390.55, chrome: {chromedriverVersion: 141.0.7390.76 (d6fcfbb51aac..., userDataDir: /var/folders/25/s3tn_kwj4zz...}, fedcm:accounts: true, goog:chromeOptions: {debuggerAddress: localhost:55088}, networkConnectionEnabled: false, pageLoadStrategy: normal, platformName: mac, proxy: Proxy(), se:cdp: ws://localhost:55088/devtoo..., se:cdpVersion: 141.0.7390.55, setWindowRect: true, strictFileInteractability: false, timeouts: {implicit: 0, pageLoad: 300000, script: 30000}, unhandledPromptBehavior: dismiss and notify, webauthn:extension:credBlob: true, webauthn:extension:largeBlob: true, webauthn:extension:minPinLength: true, webauthn:extension:prf: true, webauthn:virtualAuthenticators: true}">
      <![CDATA[org.openqa.selenium.NoSuchSessionException: Session ID is null. Using WebDriver after calling quit()?
Build info: version: '4.21.0', revision: '79ed462ef4'
System info: os.name: 'Mac OS X', os.arch: 'aarch64', os.version: '26.0.1', java.version: '25'
Driver info: org.openqa.selenium.chrome.ChromeDriver
Command: [null, get {url=https://jsonplaceholder.typicode.com/comments}]
Capabilities {acceptInsecureCerts: false, browserName: chrome, browserVersion: 141.0.7390.55, chrome: {chromedriverVersion: 141.0.7390.76 (d6fcfbb51aac..., userDataDir: /var/folders/25/s3tn_kwj4zz...}, fedcm:accounts: true, goog:chromeOptions: {debuggerAddress: localhost:55088}, networkConnectionEnabled: false, pageLoadStrategy: normal, platformName: mac, proxy: Proxy(), se:cdp: ws://localhost:55088/devtoo..., se:cdpVersion: 141.0.7390.55, setWindowRect: true, strictFileInteractability: false, timeouts: {implicit: 0, pageLoad: 300000, script: 30000}, unhandledPromptBehavior: dismiss and notify, webauthn:extension:credBlob: true, webauthn:extension:largeBlob: true, webauthn:extension:minPinLength: true, webauthn:extension:prf: true, webauthn:virtualAuthenticators: true}
at org.openqa.selenium.remote.HttpCommandExecutor.execute(HttpCommandExecutor.java:151)
at org.openqa.selenium.remote.service.DriverCommandExecutor.invokeExecute(DriverCommandExecutor.java:216)
at org.openqa.selenium.remote.service.DriverCommandExecutor.execute(DriverCommandExecutor.java:174)
at org.openqa.selenium.remote.RemoteWebDriver.execute(RemoteWebDriver.java:518)
at org.openqa.selenium.remote.RemoteWebDriver.get(RemoteWebDriver.java:300)
at tests.JsplaceholderTest.launchApp(JsplaceholderTest.java:31)
at java.base/java.util.ArrayList.forEach(ArrayList.java:1604)
... Removed 34 stack frames]]>
    </failure>
  </testcase> <!-- @BeforeMethod launchApp -->
  <testcase classname="tests.JsplaceholderTest" name="@AfterMethod teardown" time="0.0">
    <skipped/>
  </testcase> <!-- @AfterMethod teardown -->
  <testcase classname="tests.DriverManagerTest" name="launchDriver" time="2.583"/>
  <testcase classname="tests.TestcontainersSeleniumTest" name="testWithTestcontainers" time="0.254">
    <failure type="java.lang.IllegalStateException" message="Could not find a valid Docker environment. Please see logs and check configuration">
      <![CDATA[java.lang.IllegalStateException: Could not find a valid Docker environment. Please see logs and check configuration
at org.testcontainers.dockerclient.DockerClientProviderStrategy.lambda$getFirstValidStrategy$7(DockerClientProviderStrategy.java:277)
at java.base/java.util.Optional.orElseThrow(Optional.java:403)
at org.testcontainers.dockerclient.DockerClientProviderStrategy.getFirstValidStrategy(DockerClientProviderStrategy.java:268)
at org.testcontainers.DockerClientFactory.getOrInitializeStrategy(DockerClientFactory.java:152)
at org.testcontainers.DockerClientFactory.client(DockerClientFactory.java:194)
at org.testcontainers.DockerClientFactory$1.getDockerClient(DockerClientFactory.java:106)
at com.github.dockerjava.api.DockerClientDelegate.authConfig(DockerClientDelegate.java:109)
at org.testcontainers.containers.GenericContainer.start(GenericContainer.java:329)
at tests.TestcontainersSeleniumTest.testWithTestcontainers(TestcontainersSeleniumTest.java:17)
at java.base/java.util.ArrayList.forEach(ArrayList.java:1604)
... Removed 30 stack frames]]>
    </failure>
  </testcase> <!-- testWithTestcontainers -->
  <testcase classname="tests.PokemonTest" name="testPokemonApiReturnsUrls" time="1.581"/>
  <testcase classname="tests.PokemonTest" name="testPokemonApiReturnsUrls" time="0.057"/>
  <testcase classname="tests.PokemonTest" name="testPokemonApiReturnsUrls" time="0.042"/>
  <testcase classname="tests.LoginTest" name="validateMyPersonalInformation" time="0.763"/>
  <testcase classname="tests.JsplaceholderTest" name="validateJsplaceholderData" time="0.0">
    <skipped/>
  </testcase> <!-- validateJsplaceholderData -->
</testsuite> <!-- Surefire test -->
