<?xml version="1.0" encoding="UTF-8"?>
<testng-results ignored="0" total="2" passed="2" failed="0" skipped="0">
  <reporter-output>
  </reporter-output>
  <suite started-at="2022-06-30T01:45:53 CEST" name="Surefire suite" finished-at="2022-06-30T01:46:27 CEST" duration-ms="34015">
    <groups>
    </groups>
    <test started-at="2022-06-30T01:45:53 CEST" name="Surefire test" finished-at="2022-06-30T01:46:27 CEST" duration-ms="34015">
      <class name="tests.Pokemon">
        <test-method signature="accessPokemonAPI()[pri:0, instance:tests.Pokemon@61001b64]" started-at="2022-06-30T01:46:25 CEST" name="accessPokemonAPI" finished-at="2022-06-30T01:46:27 CEST" duration-ms="1689" status="PASS">
          <reporter-output>
          </reporter-output>
        </test-method> <!-- accessPokemonAPI -->
        <test-method is-config="true" signature="teardown()[pri:0, instance:tests.Pokemon@61001b64]" started-at="2022-06-30T01:46:27 CEST" name="teardown" finished-at="2022-06-30T01:46:27 CEST" duration-ms="0" status="PASS">
          <reporter-output>
          </reporter-output>
        </test-method> <!-- teardown -->
      </class> <!-- tests.Pokemon -->
      <class name="tests.MyPersonalInformation">
        <test-method is-config="true" signature="launchApp()[pri:0, instance:tests.MyPersonalInformation@3232a28a]" started-at="2022-06-30T01:45:53 CEST" name="launchApp" finished-at="2022-06-30T01:46:06 CEST" duration-ms="12784" status="PASS">
          <reporter-output>
          </reporter-output>
        </test-method> <!-- launchApp -->
        <test-method signature="validateMyPersonalInformation()[pri:0, instance:tests.MyPersonalInformation@3232a28a]" started-at="2022-06-30T01:46:06 CEST" name="validateMyPersonalInformation" finished-at="2022-06-30T01:46:25 CEST" duration-ms="18777" status="PASS">
          <reporter-output>
          </reporter-output>
        </test-method> <!-- validateMyPersonalInformation -->
        <test-method is-config="true" signature="teardown()[pri:0, instance:tests.MyPersonalInformation@3232a28a]" started-at="2022-06-30T01:46:25 CEST" name="teardown" finished-at="2022-06-30T01:46:25 CEST" duration-ms="728" status="PASS">
          <reporter-output>
          </reporter-output>
        </test-method> <!-- teardown -->
      </class> <!-- tests.MyPersonalInformation -->
    </test> <!-- Surefire test -->
  </suite> <!-- Surefire suite -->
</testng-results>
