<?xml version="1.0" encoding="UTF-8"?>
<testng-results ignored="0" total="1" passed="1" failed="0" skipped="0">
  <reporter-output>
  </reporter-output>
  <suite started-at="2022-06-30T11:39:37 CEST" name="Default suite" finished-at="2022-06-30T11:39:48 CEST" duration-ms="10680">
    <groups>
    </groups>
    <test started-at="2022-06-30T11:39:37 CEST" name="Default test" finished-at="2022-06-30T11:39:48 CEST" duration-ms="10680">
      <class name="tests.Jsplaceholder">
        <test-method is-config="true" signature="launchApp()[pri:0, instance:tests.Jsplaceholder@25ce9dc4]" started-at="2022-06-30T11:39:37 CEST" name="launchApp" finished-at="2022-06-30T11:39:40 CEST" duration-ms="2824" status="PASS">
          <reporter-output>
          </reporter-output>
        </test-method> <!-- launchApp -->
        <test-method signature="validateMyPersonalInformation()[pri:0, instance:tests.Jsplaceholder@25ce9dc4]" started-at="2022-06-30T11:39:40 CEST" name="validateMyPersonalInformation" finished-at="2022-06-30T11:39:48 CEST" duration-ms="7617" status="PASS">
          <reporter-output>
          </reporter-output>
        </test-method> <!-- validateMyPersonalInformation -->
        <test-method is-config="true" signature="teardown()[pri:0, instance:tests.Jsplaceholder@25ce9dc4]" started-at="2022-06-30T11:39:48 CEST" name="teardown" finished-at="2022-06-30T11:39:48 CEST" duration-ms="181" status="PASS">
          <reporter-output>
          </reporter-output>
        </test-method> <!-- teardown -->
      </class> <!-- tests.Jsplaceholder -->
    </test> <!-- Default test -->
  </suite> <!-- Default suite -->
</testng-results>
